Fri Mar 13 05:39:53 UTC 2026 | USER: hi
Fri Mar 13 05:39:53 UTC 2026 | ASSISTANT: Hello! How can I help you today?
Fri Mar 13 05:40:16 UTC 2026 | USER: install nmap and httpd
Fri Mar 13 05:40:16 UTC 2026 | ASSISTANT: To install nmap and httpd on most RedHat-based systems (like Fedora, CentOS, AlmaLinux, Rocky Linux), you can use the dnf package manager. On Debian/Ubuntu systems, you would use apt. The command provided is for dnf-based systems.
Fri Mar 13 05:40:20 UTC 2026 | CMD: sudo dnf install nmap httpd -y
Fri Mar 13 05:40:20 UTC 2026 | OUTPUT: Updating Subscription Management repositories.
Unable to read consumer identity

This system is not registered with an entitlement server. You can use "rhc" or "subscription-manager" to register.

Red Hat Enterprise Linux 10 for x86_64 - AppStr  97 kB/s | 4.1 kB     00:00    
Red Hat Enterprise Linux 10 for x86_64 - BaseOS 101 kB/s | 4.1 kB     00:00    
Red Hat Enterprise Linux 10 Client Configuratio  40 kB/s | 1.5 kB     00:00    
Dependencies resolved.
================================================================================
 Package            Arch   Version            Repository                   Size
================================================================================
Installing:
 httpd              x86_64 2.4.63-4.el10_1.3  rhel-10-appstream-rhui-rpms  49 k
 nmap               x86_64 4:7.92-3.el10      rhel-10-appstream-rhui-rpms 5.6 M
Installing dependencies:
 apr                x86_64 1.7.5-2.el10       rhel-10-appstream-rhui-rpms 132 k
 apr-util           x86_64 1.6.3-23.el10_1    rhel-10-appstream-rhui-rpms 103 k
 apr-util-lmdb      x86_64 1.6.3-23.el10_1    rhel-10-appstream-rhui-rpms  20 k
 httpd-core         x86_64 2.4.63-4.el10_1.3  rhel-10-appstream-rhui-rpms 1.5 M
 httpd-filesystem   noarch 2.4.63-4.el10_1.3  rhel-10-appstream-rhui-rpms  13 k
 httpd-tools        x86_64 2.4.63-4.el10_1.3  rhel-10-appstream-rhui-rpms  83 k
 libibverbs         x86_64 57.0-2.el10        rhel-10-baseos-rhui-rpms    457 k
 libpcap            x86_64 14:1.10.4-7.el10   rhel-10-baseos-rhui-rpms    178 k
 mailcap            noarch 2.1.54-8.el10      rhel-10-baseos-rhui-rpms     37 k
 nmap-ncat          x86_64 4:7.92-3.el10      rhel-10-appstream-rhui-rpms 231 k
 redhat-logos-httpd noarch 100.2-1.el10       rhel-10-appstream-rhui-rpms  16 k
Installing weak dependencies:
 apr-util-openssl   x86_64 1.6.3-23.el10_1    rhel-10-appstream-rhui-rpms  22 k
 mod_http2          x86_64 2.0.29-3.el10      rhel-10-appstream-rhui-rpms 164 k
 mod_lua            x86_64 2.4.63-4.el10_1.3  rhel-10-appstream-rhui-rpms  59 k

Transaction Summary
================================================================================
Install  16 Packages

Total download size: 8.7 M
Installed size: 32 M
Downloading Packages:
(1/16): nmap-ncat-7.92-3.el10.x86_64.rpm        5.2 MB/s | 231 kB     00:00    
(2/16): mod_http2-2.0.29-3.el10.x86_64.rpm       15 MB/s | 164 kB     00:00    
(3/16): apr-1.7.5-2.el10.x86_64.rpm             2.1 MB/s | 132 kB     00:00    
(4/16): redhat-logos-httpd-100.2-1.el10.noarch. 1.8 MB/s |  16 kB     00:00    
(5/16): httpd-2.4.63-4.el10_1.3.x86_64.rpm      5.5 MB/s |  49 kB     00:00    
(6/16): httpd-filesystem-2.4.63-4.el10_1.3.noar 1.7 MB/s |  13 kB     00:00    
(7/16): httpd-tools-2.4.63-4.el10_1.3.x86_64.rp 9.1 MB/s |  83 kB     00:00    
(8/16): nmap-7.92-3.el10.x86_64.rpm              48 MB/s | 5.6 MB     00:00    
(9/16): mod_lua-2.4.63-4.el10_1.3.x86_64.rpm    1.9 MB/s |  59 kB     00:00    
(10/16): httpd-core-2.4.63-4.el10_1.3.x86_64.rp  22 MB/s | 1.5 MB     00:00    
(11/16): apr-util-1.6.3-23.el10_1.x86_64.rpm    5.2 MB/s | 103 kB     00:00    
(12/16): apr-util-lmdb-1.6.3-23.el10_1.x86_64.r 1.1 MB/s |  20 kB     00:00    
(13/16): apr-util-openssl-1.6.3-23.el10_1.x86_6 2.7 MB/s |  22 kB     00:00    
(14/16): libpcap-1.10.4-7.el10.x86_64.rpm        18 MB/s | 178 kB     00:00    
(15/16): mailcap-2.1.54-8.el10.noarch.rpm       2.3 MB/s |  37 kB     00:00    
(16/16): libibverbs-57.0-2.el10.x86_64.rpm       17 MB/s | 457 kB     00:00    
--------------------------------------------------------------------------------
Total                                            42 MB/s | 8.7 MB     00:00     
Running transaction check
Transaction check succeeded.
Running transaction test
Transaction test succeeded.
Running transaction
  Preparing        :                                                        1/1 
  Installing       : apr-1.7.5-2.el10.x86_64                               1/16 
  Installing       : apr-util-lmdb-1.6.3-23.el10_1.x86_64                  2/16 
  Installing       : apr-util-openssl-1.6.3-23.el10_1.x86_64               3/16 
  Installing       : apr-util-1.6.3-23.el10_1.x86_64                       4/16 
  Installing       : httpd-tools-2.4.63-4.el10_1.3.x86_64                  5/16 
  Installing       : libibverbs-57.0-2.el10.x86_64                         6/16 
  Installing       : libpcap-14:1.10.4-7.el10.x86_64                       7/16 
  Installing       : nmap-ncat-4:7.92-3.el10.x86_64                        8/16 
  Running scriptlet: nmap-ncat-4:7.92-3.el10.x86_64                        8/16 
  Installing       : mailcap-2.1.54-8.el10.noarch                          9/16 
  Running scriptlet: httpd-filesystem-2.4.63-4.el10_1.3.noarch            10/16 
  Installing       : httpd-filesystem-2.4.63-4.el10_1.3.noarch            10/16 
  Installing       : httpd-core-2.4.63-4.el10_1.3.x86_64                  11/16 
  Installing       : mod_http2-2.0.29-3.el10.x86_64                       12/16 
  Installing       : mod_lua-2.4.63-4.el10_1.3.x86_64                     13/16 
  Installing       : redhat-logos-httpd-100.2-1.el10.noarch               14/16 
  Installing       : httpd-2.4.63-4.el10_1.3.x86_64                       15/16 
  Running scriptlet: httpd-2.4.63-4.el10_1.3.x86_64                       15/16 
  Installing       : nmap-4:7.92-3.el10.x86_64                            16/16 
  Running scriptlet: httpd-2.4.63-4.el10_1.3.x86_64                       16/16 
  Running scriptlet: nmap-4:7.92-3.el10.x86_64                            16/16 
Installed products updated.

Installed:
  apr-1.7.5-2.el10.x86_64                                                       
  apr-util-1.6.3-23.el10_1.x86_64                                               
  apr-util-lmdb-1.6.3-23.el10_1.x86_64                                          
  apr-util-openssl-1.6.3-23.el10_1.x86_64                                       
  httpd-2.4.63-4.el10_1.3.x86_64                                                
  httpd-core-2.4.63-4.el10_1.3.x86_64                                           
  httpd-filesystem-2.4.63-4.el10_1.3.noarch                                     
  httpd-tools-2.4.63-4.el10_1.3.x86_64                                          
  libibverbs-57.0-2.el10.x86_64                                                 
  libpcap-14:1.10.4-7.el10.x86_64                                               
  mailcap-2.1.54-8.el10.noarch                                                  
  mod_http2-2.0.29-3.el10.x86_64                                                
  mod_lua-2.4.63-4.el10_1.3.x86_64                                              
  nmap-4:7.92-3.el10.x86_64                                                     
  nmap-ncat-4:7.92-3.el10.x86_64                                                
  redhat-logos-httpd-100.2-1.el10.noarch                                        

Complete!
--------------------------------------
Fri Mar 13 05:44:58 UTC 2026 | USER: install vim
Fri Mar 13 05:44:58 UTC 2026 | ASSISTANT: To install vim, you typically use your system's package manager. On Debian/Ubuntu-based systems, you can use the following command. If you are on a Fedora/CentOS/RHEL system, you would use `sudo dnf install vim` or `sudo yum install vim`.
Fri Mar 13 05:44:58 UTC 2026 | CMD: sudo apt update && sudo apt install vim
Fri Mar 13 05:44:58 UTC 2026 | OUTPUT: sudo: apt: command not found
--------------------------------------
Fri Mar 13 05:54:36 UTC 2026 | USER: add user chetan with password chetan07
Fri Mar 13 05:54:36 UTC 2026 | ASSISTANT: This command will add a new user named 'chetan', create their home directory, and set their password to 'chetan07'. Please be aware that specifying a password directly in the command line can be logged in shell history. For interactive use, running `sudo useradd -m chetan` followed by `sudo passwd chetan` and typing the password when prompted is generally more secure.
Fri Mar 13 05:54:36 UTC 2026 | CMD: sudo useradd -m chetan && echo "chetan07" | sudo passwd --stdin chetan
Fri Mar 13 05:54:36 UTC 2026 | OUTPUT: BAD PASSWORD: The password contains the user name in some form
--------------------------------------
